<?xml version="1.0" encoding="UTF-8"?>
<robot generator="Robot 7.2 (Python 3.11.0 on win32)" generated="2025-01-20T17:50:48.935733" rpa="false" schemaversion="5">
<suite id="s1" name="TestCases" source="C:\Prashant\Smart360robot\Smart360\TestCases">
<suite id="s1-s1" name="01 Test Logintest" source="C:\Prashant\Smart360robot\Smart360\TestCases\01_test_logintest.robot">
<test id="s1-s1-t1" name="Login Test" line="7">
<kw name="Open My Browser" owner="Loginkeywords">
<kw name="Open Browser" owner="SeleniumLibrary">
<msg time="2025-01-20T17:50:49.125774" level="WARN">exexcutable_path is being deprecated. Please use service to configure the driver's executable_path as per documentation.</msg>
<msg time="2025-01-20T17:50:49.125774" level="INFO">Opening browser 'chrome' to base url 'https://platform-staging.bynry.com/'.</msg>
<arg>${URL}</arg>
<arg>${BROWSER}</arg>
<arg>executable_path=${EXECUTABLE_PATH}</arg>
<doc>Opens a new browser instance to the optional ``url``.</doc>
<status status="PASS" start="2025-01-20T17:50:49.125774" elapsed="3.285372"/>
</kw>
<kw name="Maximize Browser Window" owner="SeleniumLibrary">
<doc>Maximizes current browser window.</doc>
<status status="PASS" start="2025-01-20T17:50:52.411857" elapsed="0.047613"/>
</kw>
<arg>${URL}</arg>
<arg>${BROWSER}</arg>
<arg>${EXECUTABLE_PATH}</arg>
<status status="PASS" start="2025-01-20T17:50:49.124774" elapsed="3.335196"/>
</kw>
<kw name="Enter Username" owner="Loginkeywords">
<kw name="Input Text" owner="SeleniumLibrary">
<msg time="2025-01-20T17:50:52.460979" level="INFO">Typing text 'tenentadmin@yopmail.com' into text field 'xpath://input[@id="email"]'.</msg>
<arg>${Enter_useremail}</arg>
<arg>${username}</arg>
<doc>Types the given ``text`` into the text field identified by ``locator``.</doc>
<status status="PASS" start="2025-01-20T17:50:52.460979" elapsed="0.222182"/>
</kw>
<arg>${USERNAME}</arg>
<status status="PASS" start="2025-01-20T17:50:52.459970" elapsed="0.223191"/>
</kw>
<kw name="Enter Password" owner="Loginkeywords">
<kw name="Input Text" owner="SeleniumLibrary">
<msg time="2025-01-20T17:50:52.685431" level="INFO">Typing text 'aaaaa' into text field 'xpath://input[@id="password"]'.</msg>
<arg>${Enter_userpassword}</arg>
<arg>${password}</arg>
<doc>Types the given ``text`` into the text field identified by ``locator``.</doc>
<status status="PASS" start="2025-01-20T17:50:52.685160" elapsed="0.129692"/>
</kw>
<arg>${PASSWORD}</arg>
<status status="PASS" start="2025-01-20T17:50:52.684489" elapsed="0.131428"/>
</kw>
<kw name="Click Sign In" owner="Loginkeywords">
<kw name="Wait Until Element Is Visible" owner="SeleniumLibrary">
<arg>${Sign_in}</arg>
<arg>timeout=10</arg>
<doc>Waits until the element ``locator`` is visible.</doc>
<status status="PASS" start="2025-01-20T17:50:52.816930" elapsed="0.045429"/>
</kw>
<kw name="Click Button" owner="SeleniumLibrary">
<msg time="2025-01-20T17:50:52.863360" level="INFO">Clicking button 'xpath://button[contains(@class, "addButton !w-full")]'.</msg>
<arg>${Sign_in}</arg>
<doc>Clicks the button identified by ``locator``.</doc>
<status status="PASS" start="2025-01-20T17:50:52.862859" elapsed="0.146760"/>
</kw>
<status status="PASS" start="2025-01-20T17:50:52.815917" elapsed="0.193702"/>
</kw>
<kw name="Verify Successful Login Page" owner="Loginkeywords">
<kw name="Wait Until Page Contains" owner="SeleniumLibrary">
<arg>Welcome to Smart360</arg>
<doc>Waits until ``text`` appears on the current page.</doc>
<status status="PASS" start="2025-01-20T17:50:53.010617" elapsed="0.020668"/>
</kw>
<status status="PASS" start="2025-01-20T17:50:53.010617" elapsed="0.020668"/>
</kw>
<kw name="Close My Browser" owner="Loginkeywords">
<kw name="Close Browser" owner="SeleniumLibrary">
<doc>Closes the current browser.</doc>
<status status="PASS" start="2025-01-20T17:50:53.033483" elapsed="2.426717"/>
</kw>
<status status="PASS" start="2025-01-20T17:50:53.032477" elapsed="2.427723"/>
</kw>
<tag>Smoke</tag>
<status status="PASS" start="2025-01-20T17:50:49.123776" elapsed="6.337422"/>
</test>
<status status="PASS" start="2025-01-20T17:50:48.958210" elapsed="6.504991"/>
</suite>
<suite id="s1-s2" name="02 Test Addpaymenttypetest" source="C:\Prashant\Smart360robot\Smart360\TestCases\02_test_addpaymenttypetest.robot">
<test id="s1-s2-t1" name="Add Payment Type" line="8">
<kw name="Open My Browser" owner="Loginkeywords">
<kw name="Open Browser" owner="SeleniumLibrary">
<msg time="2025-01-20T17:50:55.472885" level="WARN">exexcutable_path is being deprecated. Please use service to configure the driver's executable_path as per documentation.</msg>
<msg time="2025-01-20T17:50:55.472885" level="INFO">Opening browser 'chrome' to base url 'https://platform-staging.bynry.com/'.</msg>
<arg>${URL}</arg>
<arg>${BROWSER}</arg>
<arg>executable_path=${EXECUTABLE_PATH}</arg>
<doc>Opens a new browser instance to the optional ``url``.</doc>
<status status="PASS" start="2025-01-20T17:50:55.471883" elapsed="1.523268"/>
</kw>
<kw name="Maximize Browser Window" owner="SeleniumLibrary">
<doc>Maximizes current browser window.</doc>
<status status="PASS" start="2025-01-20T17:50:56.995151" elapsed="1.122920"/>
</kw>
<arg>${URL}</arg>
<arg>${BROWSER}</arg>
<arg>${EXECUTABLE_PATH}</arg>
<status status="PASS" start="2025-01-20T17:50:55.471883" elapsed="2.646632"/>
</kw>
<kw name="Enter Username" owner="Loginkeywords">
<kw name="Input Text" owner="SeleniumLibrary">
<msg time="2025-01-20T17:50:58.120784" level="INFO">Typing text 'tenentadmin@yopmail.com' into text field 'xpath://input[@id="email"]'.</msg>
<arg>${Enter_useremail}</arg>
<arg>${username}</arg>
<doc>Types the given ``text`` into the text field identified by ``locator``.</doc>
<status status="PASS" start="2025-01-20T17:50:58.120011" elapsed="0.202470"/>
</kw>
<arg>${USERNAME}</arg>
<status status="PASS" start="2025-01-20T17:50:58.119514" elapsed="0.203470"/>
</kw>
<kw name="Enter Password" owner="Loginkeywords">
<kw name="Input Text" owner="SeleniumLibrary">
<msg time="2025-01-20T17:50:58.325155" level="INFO">Typing text 'aaaaa' into text field 'xpath://input[@id="password"]'.</msg>
<arg>${Enter_userpassword}</arg>
<arg>${password}</arg>
<doc>Types the given ``text`` into the text field identified by ``locator``.</doc>
<status status="PASS" start="2025-01-20T17:50:58.324154" elapsed="0.138366"/>
</kw>
<arg>${PASSWORD}</arg>
<status status="PASS" start="2025-01-20T17:50:58.322984" elapsed="0.139536"/>
</kw>
<kw name="Click Sign In" owner="Loginkeywords">
<kw name="Wait Until Element Is Visible" owner="SeleniumLibrary">
<arg>${Sign_in}</arg>
<arg>timeout=10</arg>
<doc>Waits until the element ``locator`` is visible.</doc>
<status status="PASS" start="2025-01-20T17:50:58.464566" elapsed="0.044174"/>
</kw>
<kw name="Click Button" owner="SeleniumLibrary">
<msg time="2025-01-20T17:50:58.509732" level="INFO">Clicking button 'xpath://button[contains(@class, "addButton !w-full")]'.</msg>
<arg>${Sign_in}</arg>
<doc>Clicks the button identified by ``locator``.</doc>
<status status="PASS" start="2025-01-20T17:50:58.508740" elapsed="0.153076"/>
</kw>
<status status="PASS" start="2025-01-20T17:50:58.463571" elapsed="0.198476"/>
</kw>
<kw name="Sleep" owner="BuiltIn">
<msg time="2025-01-20T17:51:08.662461" level="INFO">Slept 10 seconds.</msg>
<arg>10</arg>
<doc>Pauses the test executed for the given time.</doc>
<status status="PASS" start="2025-01-20T17:50:58.662317" elapsed="10.000517"/>
</kw>
<kw name="Go To" owner="SeleniumLibrary">
<msg time="2025-01-20T17:51:08.664258" level="INFO">Opening url 'https://platform-staging.bynry.com/cx/settings/payments?tab=payment_type'</msg>
<arg>${addpaytypeURL}</arg>
<doc>Navigates the current browser window to the provided ``url``.</doc>
<status status="PASS" start="2025-01-20T17:51:08.662834" elapsed="1.947462"/>
</kw>
<kw name="Click Add type button" owner="Loginkeywords">
<kw name="Click Button" owner="SeleniumLibrary">
<msg time="2025-01-20T17:51:10.612586" level="INFO">Clicking button 'xpath://button[normalize-space()="Add"]'.</msg>
<msg time="2025-01-20T17:51:11.954754" level="INFO" html="true">&lt;/td&gt;&lt;/tr&gt;&lt;tr&gt;&lt;td colspan="3"&gt;&lt;a href="selenium-screenshot-11.png"&gt;&lt;img src="selenium-screenshot-11.png" width="800px"&gt;&lt;/a&gt;</msg>
<msg time="2025-01-20T17:51:11.954754" level="FAIL">ElementClickInterceptedException: Message: element click intercepted: Element &lt;button class="addButton"&gt;...&lt;/button&gt; is not clickable at point (1248, 369). Other element would receive the click: &lt;app-spinner _ngcontent-ng-c2266299861=""&gt;&lt;/app-spinner&gt;
  (Session info: chrome=131.0.6778.205)
Stacktrace:
	GetHandleVerifier [0x00007FF6ED766CB5+28821]
	(No symbol) [0x00007FF6ED6D3840]
	(No symbol) [0x00007FF6ED57578A]
	(No symbol) [0x00007FF6ED5D0E8E]
	(No symbol) [0x00007FF6ED5CE92C]
	(No symbol) [0x00007FF6ED5CBAF6]
	(No symbol) [0x00007FF6ED5CAA51]
	(No symbol) [0x00007FF6ED5BCBA0]
	(No symbol) [0x00007FF6ED5EF2FA]
	(No symbol) [0x00007FF6ED5BC3F6]
	(No symbol) [0x00007FF6ED5EF510]
	(No symbol) [0x00007FF6ED60F412]
	(No symbol) [0x00007FF6ED5EF0A3]
	(No symbol) [0x00007FF6ED5BA778]
	(No symbol) [0x00007FF6ED5BB8E1]
	GetHandleVerifier [0x00007FF6EDA9FCAD+3408013]
	GetHandleVerifier [0x00007FF6EDAB741F+3504127]
	GetHandleVerifier [0x00007FF6EDAAB5FD+3455453]
	GetHandleVerifier [0x00007FF6ED82BDBB+835995]
	(No symbol) [0x00007FF6ED6DEB5F]
	(No symbol) [0x00007FF6ED6DA814]
	(No symbol) [0x00007FF6ED6DA9AD]
	(No symbol) [0x00007FF6ED6CA199]
	BaseThreadInitThunk [0x00007FFC46707374+20]
	RtlUserThreadStart [0x00007FFC46E5CC91+33]
</msg>
<arg>${add_form}</arg>
<doc>Clicks the button identified by ``locator``.</doc>
<status status="FAIL" start="2025-01-20T17:51:10.612083" elapsed="1.346724">ElementClickInterceptedException: Message: element click intercepted: Element &lt;button class="addButton"&gt;...&lt;/button&gt; is not clickable at point (1248, 369). Other element would receive the click: &lt;app-spinner _ngcontent-ng-c2266299861=""&gt;&lt;/app-spinner&gt;
  (Session info: chrome=131.0.6778.205)
Stacktrace:
	GetHandleVerifier [0x00007FF6ED766CB5+28821]
	(No symbol) [0x00007FF6ED6D3840]
	(No symbol) [0x00007FF6ED57578A]
	(No symbol) [0x00007FF6ED5D0E8E]
	(No symbol) [0x00007FF6ED5CE92C]
	(No symbol) [0x00007FF6ED5CBAF6]
	(No symbol) [0x00007FF6ED5CAA51]
	(No symbol) [0x00007FF6ED5BCBA0]
	(No symbol) [0x00007FF6ED5EF2FA]
	(No symbol) [0x00007FF6ED5BC3F6]
	(No symbol) [0x00007FF6ED5EF510]
	(No symbol) [0x00007FF6ED60F412]
	(No symbol) [0x00007FF6ED5EF0A3]
	(No symbol) [0x00007FF6ED5BA778]
	(No symbol) [0x00007FF6ED5BB8E1]
	GetHandleVerifier [0x00007FF6EDA9FCAD+3408013]
	GetHandleVerifier [0x00007FF6EDAB741F+3504127]
	GetHandleVerifier [0x00007FF6EDAAB5FD+3455453]
	GetHandleVerifier [0x00007FF6ED82BDBB+835995]
	(No symbol) [0x00007FF6ED6DEB5F]
	(No symbol) [0x00007FF6ED6DA814]
	(No symbol) [0x00007FF6ED6DA9AD]
	(No symbol) [0x00007FF6ED6CA199]
	BaseThreadInitThunk [0x00007FFC46707374+20]
	RtlUserThreadStart [0x00007FFC46E5CC91+33]
</status>
</kw>
<status status="FAIL" start="2025-01-20T17:51:10.611313" elapsed="1.348495">ElementClickInterceptedException: Message: element click intercepted: Element &lt;button class="addButton"&gt;...&lt;/button&gt; is not clickable at point (1248, 369). Other element would receive the click: &lt;app-spinner _ngcontent-ng-c2266299861=""&gt;&lt;/app-spinner&gt;
  (Session info: chrome=131.0.6778.205)
Stacktrace:
	GetHandleVerifier [0x00007FF6ED766CB5+28821]
	(No symbol) [0x00007FF6ED6D3840]
	(No symbol) [0x00007FF6ED57578A]
	(No symbol) [0x00007FF6ED5D0E8E]
	(No symbol) [0x00007FF6ED5CE92C]
	(No symbol) [0x00007FF6ED5CBAF6]
	(No symbol) [0x00007FF6ED5CAA51]
	(No symbol) [0x00007FF6ED5BCBA0]
	(No symbol) [0x00007FF6ED5EF2FA]
	(No symbol) [0x00007FF6ED5BC3F6]
	(No symbol) [0x00007FF6ED5EF510]
	(No symbol) [0x00007FF6ED60F412]
	(No symbol) [0x00007FF6ED5EF0A3]
	(No symbol) [0x00007FF6ED5BA778]
	(No symbol) [0x00007FF6ED5BB8E1]
	GetHandleVerifier [0x00007FF6EDA9FCAD+3408013]
	GetHandleVerifier [0x00007FF6EDAB741F+3504127]
	GetHandleVerifier [0x00007FF6EDAAB5FD+3455453]
	GetHandleVerifier [0x00007FF6ED82BDBB+835995]
	(No symbol) [0x00007FF6ED6DEB5F]
	(No symbol) [0x00007FF6ED6DA814]
	(No symbol) [0x00007FF6ED6DA9AD]
	(No symbol) [0x00007FF6ED6CA199]
	BaseThreadInitThunk [0x00007FFC46707374+20]
	RtlUserThreadStart [0x00007FFC46E5CC91+33]
</status>
</kw>
<kw name="Add PaymentType" owner="Loginkeywords">
<arg>fees</arg>
<status status="NOT RUN" start="2025-01-20T17:51:11.960810" elapsed="0.000000"/>
</kw>
<kw name="Click Submit" owner="Loginkeywords">
<status status="NOT RUN" start="2025-01-20T17:51:11.960810" elapsed="0.000000"/>
</kw>
<tag>Regression</tag>
<status status="FAIL" start="2025-01-20T17:50:55.470896" elapsed="16.490987">ElementClickInterceptedException: Message: element click intercepted: Element &lt;button class="addButton"&gt;...&lt;/button&gt; is not clickable at point (1248, 369). Other element would receive the click: &lt;app-spinner _ngcontent-ng-c2266299861=""&gt;&lt;/app-spinner&gt;
  (Session info: chrome=131.0.6778.205)
Stacktrace:
	GetHandleVerifier [0x00007FF6ED766CB5+28821]
	(No symbol) [0x00007FF6ED6D3840]
	(No symbol) [0x00007FF6ED57578A]
	(No symbol) [0x00007FF6ED5D0E8E]
	(No symbol) [0x00007FF6ED5CE92C]
	(No symbol) [0x00007FF6ED5CBAF6]
	(No symbol) [0x00007FF6ED5CAA51]
	(No symbol) [0x00007FF6ED5BCBA0]
	(No symbol) [0x00007FF6ED5EF2FA]
	(No symbol) [0x00007FF6ED5BC3F6]
	(No symbol) [0x00007FF6ED5EF510]
	(No symbol) [0x00007FF6ED60F412]
	(No symbol) [0x00007FF6ED5EF0A3]
	(No symbol) [0x00007FF6ED5BA778]
	(No symbol) [0x00007FF6ED5BB8E1]
	GetHandleVerifier [0x00007FF6EDA9FCAD+3408013]
	GetHandleVerifier [0x00007FF6EDAB741F+3504127]
	GetHandleVerifier [0x00007FF6EDAAB5FD+3455453]
	GetHandleVerifier [0x00007FF6ED82BDBB+835995]
	(No symbol) [0x00007FF6ED6DEB5F]
	(No symbol) [0x00007FF6ED6DA814]
	(No symbol) [0x00007FF6ED6DA9AD]
	(No symbol) [0x00007FF6ED6CA199]
	BaseThreadInitThunk [0x00007FFC46707374+20]
	RtlUserThreadStart [0x00007FFC46E5CC91+33]
</status>
</test>
<status status="FAIL" start="2025-01-20T17:50:55.464198" elapsed="16.500604"/>
</suite>
<suite id="s1-s3" name="03 Test Addpaymentsubtypetest" source="C:\Prashant\Smart360robot\Smart360\TestCases\03_test_addpaymentsubtypetest.robot">
<test id="s1-s3-t1" name="Add Payment Subtype" line="8">
<kw name="Open My Browser" owner="Loginkeywords">
<kw name="Open Browser" owner="SeleniumLibrary">
<msg time="2025-01-20T17:51:11.988350" level="WARN">exexcutable_path is being deprecated. Please use service to configure the driver's executable_path as per documentation.</msg>
<msg time="2025-01-20T17:51:11.989346" level="INFO">Opening browser 'chrome' to base url 'https://platform-staging.bynry.com/'.</msg>
<arg>${URL}</arg>
<arg>${BROWSER}</arg>
<arg>executable_path=${EXECUTABLE_PATH}</arg>
<doc>Opens a new browser instance to the optional ``url``.</doc>
<status status="PASS" start="2025-01-20T17:51:11.987234" elapsed="2.706143"/>
</kw>
<kw name="Maximize Browser Window" owner="SeleniumLibrary">
<doc>Maximizes current browser window.</doc>
<status status="PASS" start="2025-01-20T17:51:14.693377" elapsed="0.064612"/>
</kw>
<arg>${URL}</arg>
<arg>${BROWSER}</arg>
<arg>${EXECUTABLE_PATH}</arg>
<status status="PASS" start="2025-01-20T17:51:11.985705" elapsed="2.772284"/>
</kw>
<kw name="Enter Username" owner="Loginkeywords">
<kw name="Input Text" owner="SeleniumLibrary">
<msg time="2025-01-20T17:51:14.759799" level="INFO">Typing text 'tenentadmin@yopmail.com' into text field 'xpath://input[@id="email"]'.</msg>
<arg>${Enter_useremail}</arg>
<arg>${username}</arg>
<doc>Types the given ``text`` into the text field identified by ``locator``.</doc>
<status status="PASS" start="2025-01-20T17:51:14.759799" elapsed="0.263105"/>
</kw>
<arg>${USERNAME}</arg>
<status status="PASS" start="2025-01-20T17:51:14.759297" elapsed="0.263607"/>
</kw>
<kw name="Enter Password" owner="Loginkeywords">
<kw name="Input Text" owner="SeleniumLibrary">
<msg time="2025-01-20T17:51:15.025918" level="INFO">Typing text 'aaaaa' into text field 'xpath://input[@id="password"]'.</msg>
<arg>${Enter_userpassword}</arg>
<arg>${password}</arg>
<doc>Types the given ``text`` into the text field identified by ``locator``.</doc>
<status status="PASS" start="2025-01-20T17:51:15.024925" elapsed="0.153443"/>
</kw>
<arg>${PASSWORD}</arg>
<status status="PASS" start="2025-01-20T17:51:15.023926" elapsed="0.155796"/>
</kw>
<kw name="Click Sign In" owner="Loginkeywords">
<kw name="Wait Until Element Is Visible" owner="SeleniumLibrary">
<arg>${Sign_in}</arg>
<arg>timeout=10</arg>
<doc>Waits until the element ``locator`` is visible.</doc>
<status status="PASS" start="2025-01-20T17:51:15.180719" elapsed="0.051868"/>
</kw>
<kw name="Click Button" owner="SeleniumLibrary">
<msg time="2025-01-20T17:51:15.233087" level="INFO">Clicking button 'xpath://button[contains(@class, "addButton !w-full")]'.</msg>
<arg>${Sign_in}</arg>
<doc>Clicks the button identified by ``locator``.</doc>
<status status="PASS" start="2025-01-20T17:51:15.232587" elapsed="0.149803"/>
</kw>
<status status="PASS" start="2025-01-20T17:51:15.179722" elapsed="0.202668"/>
</kw>
<kw name="Sleep" owner="BuiltIn">
<msg time="2025-01-20T17:51:20.383622" level="INFO">Slept 5 seconds.</msg>
<arg>5</arg>
<doc>Pauses the test executed for the given time.</doc>
<status status="PASS" start="2025-01-20T17:51:15.383341" elapsed="5.000281"/>
</kw>
<kw name="Go To" owner="SeleniumLibrary">
<msg time="2025-01-20T17:51:20.384452" level="INFO">Opening url 'https://platform-staging.bynry.com/cx/settings/payments?tab=payment_type'</msg>
<arg>${addpaytypeURL}</arg>
<doc>Navigates the current browser window to the provided ``url``.</doc>
<status status="PASS" start="2025-01-20T17:51:20.384452" elapsed="0.040489"/>
</kw>
<kw name="Sleep" owner="BuiltIn">
<msg time="2025-01-20T17:51:25.426404" level="INFO">Slept 5 seconds.</msg>
<arg>5</arg>
<doc>Pauses the test executed for the given time.</doc>
<status status="PASS" start="2025-01-20T17:51:20.425580" elapsed="5.000824"/>
</kw>
<kw name="Click Subtype Button" owner="Loginkeywords">
<kw name="Click Link" owner="SeleniumLibrary">
<msg time="2025-01-20T17:51:25.427881" level="INFO">Clicking link 'xpath://a[normalize-space()='Subtype']'.</msg>
<arg>${click_subtype}</arg>
<doc>Clicks a link identified by ``locator``.</doc>
<status status="PASS" start="2025-01-20T17:51:25.426843" elapsed="0.198829"/>
</kw>
<status status="PASS" start="2025-01-20T17:51:25.426843" elapsed="0.198829"/>
</kw>
<kw name="Click Add Subtype Form" owner="Loginkeywords">
<kw name="Click Button" owner="SeleniumLibrary">
<msg time="2025-01-20T17:51:25.627296" level="INFO">Clicking button 'xpath://button[normalize-space()='Add']'.</msg>
<arg>${addsubtype_button}</arg>
<doc>Clicks the button identified by ``locator``.</doc>
<status status="PASS" start="2025-01-20T17:51:25.627296" elapsed="1.304571"/>
</kw>
<status status="PASS" start="2025-01-20T17:51:25.627296" elapsed="1.305069"/>
</kw>
<kw name="Click dropdown" owner="Loginkeywords">
<kw name="Click Element" owner="SeleniumLibrary">
<msg time="2025-01-20T17:51:26.936893" level="INFO">Clicking element 'xpath:(//input[@class='ant-select-selection-search-input ng-untouched ng-pristine ng-valid'])[2]'.</msg>
<arg>${click_typedropdown}</arg>
<doc>Click the element identified by ``locator``.</doc>
<status status="PASS" start="2025-01-20T17:51:26.935904" elapsed="0.894225"/>
</kw>
<status status="PASS" start="2025-01-20T17:51:26.934895" elapsed="0.895234"/>
</kw>
<kw name="Select Type From Dropdown" owner="Loginkeywords">
<msg time="2025-01-20T17:51:27.838456" level="FAIL">Keyword 'Loginkeywords.Select Type From Dropdown' expected 0 arguments, got 1.</msg>
<arg>1</arg>
<status status="FAIL" start="2025-01-20T17:51:27.837956" elapsed="0.000500">Keyword 'Loginkeywords.Select Type From Dropdown' expected 0 arguments, got 1.</status>
</kw>
<kw name="Enter Subtype" owner="Loginkeywords">
<arg>Registration fees</arg>
<status status="NOT RUN" start="2025-01-20T17:51:27.838456" elapsed="0.000000"/>
</kw>
<kw name="Click Subtype Submit" owner="Loginkeywords">
<status status="NOT RUN" start="2025-01-20T17:51:27.839495" elapsed="0.000000"/>
</kw>
<status status="FAIL" start="2025-01-20T17:51:11.983874" elapsed="15.856119">Keyword 'Loginkeywords.Select Type From Dropdown' expected 0 arguments, got 1.</status>
</test>
<status status="FAIL" start="2025-01-20T17:51:11.966613" elapsed="15.877130"/>
</suite>
<suite id="s1-s4" name="04 Test Addconsumertest" source="C:\Prashant\Smart360robot\Smart360\TestCases\04_test_addconsumertest.robot">
<test id="s1-s4-t1" name="Add Consumer Test" line="7">
<kw name="Open My Browser" owner="Loginkeywords">
<kw name="Open Browser" owner="SeleniumLibrary">
<msg time="2025-01-20T17:51:27.863343" level="WARN">exexcutable_path is being deprecated. Please use service to configure the driver's executable_path as per documentation.</msg>
<msg time="2025-01-20T17:51:27.869134" level="INFO">Opening browser 'chrome' to base url 'https://platform-staging.bynry.com/'.</msg>
<arg>${URL}</arg>
<arg>${BROWSER}</arg>
<arg>executable_path=${EXECUTABLE_PATH}</arg>
<doc>Opens a new browser instance to the optional ``url``.</doc>
<status status="PASS" start="2025-01-20T17:51:27.862841" elapsed="2.693643"/>
</kw>
<kw name="Maximize Browser Window" owner="SeleniumLibrary">
<doc>Maximizes current browser window.</doc>
<status status="PASS" start="2025-01-20T17:51:30.556484" elapsed="0.059268"/>
</kw>
<arg>${URL}</arg>
<arg>${BROWSER}</arg>
<arg>${EXECUTABLE_PATH}</arg>
<status status="PASS" start="2025-01-20T17:51:27.861831" elapsed="2.754603"/>
</kw>
<kw name="Enter Username" owner="Loginkeywords">
<kw name="Input Text" owner="SeleniumLibrary">
<msg time="2025-01-20T17:51:30.618211" level="INFO">Typing text 'tenentadmin@yopmail.com' into text field 'xpath://input[@id="email"]'.</msg>
<arg>${Enter_useremail}</arg>
<arg>${username}</arg>
<doc>Types the given ``text`` into the text field identified by ``locator``.</doc>
<status status="PASS" start="2025-01-20T17:51:30.616931" elapsed="0.238037"/>
</kw>
<arg>${USERNAME}</arg>
<status status="PASS" start="2025-01-20T17:51:30.616931" elapsed="0.238037"/>
</kw>
<kw name="Enter Password" owner="Loginkeywords">
<kw name="Input Text" owner="SeleniumLibrary">
<msg time="2025-01-20T17:51:30.856768" level="INFO">Typing text 'aaaaa' into text field 'xpath://input[@id="password"]'.</msg>
<arg>${Enter_userpassword}</arg>
<arg>${password}</arg>
<doc>Types the given ``text`` into the text field identified by ``locator``.</doc>
<status status="PASS" start="2025-01-20T17:51:30.856768" elapsed="0.117044"/>
</kw>
<arg>${PASSWORD}</arg>
<status status="PASS" start="2025-01-20T17:51:30.855766" elapsed="0.118046"/>
</kw>
<kw name="Click Sign In" owner="Loginkeywords">
<kw name="Wait Until Element Is Visible" owner="SeleniumLibrary">
<arg>${Sign_in}</arg>
<arg>timeout=10</arg>
<doc>Waits until the element ``locator`` is visible.</doc>
<status status="PASS" start="2025-01-20T17:51:30.974780" elapsed="0.045343"/>
</kw>
<kw name="Click Button" owner="SeleniumLibrary">
<msg time="2025-01-20T17:51:31.021023" level="INFO">Clicking button 'xpath://button[contains(@class, "addButton !w-full")]'.</msg>
<arg>${Sign_in}</arg>
<doc>Clicks the button identified by ``locator``.</doc>
<status status="PASS" start="2025-01-20T17:51:31.020500" elapsed="0.140393"/>
</kw>
<status status="PASS" start="2025-01-20T17:51:30.974281" elapsed="0.187188"/>
</kw>
<kw name="Sleep" owner="BuiltIn">
<msg time="2025-01-20T17:51:41.162574" level="INFO">Slept 10 seconds.</msg>
<arg>10</arg>
<doc>Pauses the test executed for the given time.</doc>
<status status="PASS" start="2025-01-20T17:51:31.162336" elapsed="10.000843"/>
</kw>
<kw name="Go To" owner="SeleniumLibrary">
<msg time="2025-01-20T17:51:41.167015" level="INFO">Opening url 'https://platform-staging.bynry.com/cx/account-services/nsc?tab=approve'</msg>
<arg>${addformURL}</arg>
<doc>Navigates the current browser window to the provided ``url``.</doc>
<status status="PASS" start="2025-01-20T17:51:41.165316" elapsed="2.600002"/>
</kw>
<kw name="Sleep" owner="BuiltIn">
<msg time="2025-01-20T17:51:53.766253" level="INFO">Slept 10 seconds.</msg>
<arg>10</arg>
<doc>Pauses the test executed for the given time.</doc>
<status status="PASS" start="2025-01-20T17:51:43.765946" elapsed="10.000307"/>
</kw>
<kw name="Click Add Button" owner="Loginkeywords">
<kw name="Wait Until Element Is Visible" owner="SeleniumLibrary">
<msg time="2025-01-20T17:51:53.772135" level="WARN">Keyword 'Capture Page Screenshot' could not be run on failure: Message: no such window: target window already closed
from unknown error: web view not found
  (Session info: chrome=131.0.6778.205)
Stacktrace:
	GetHandleVerifier [0x00007FF6ED766CB5+28821]
	(No symbol) [0x00007FF6ED6D3840]
	(No symbol) [0x00007FF6ED57578A]
	(No symbol) [0x00007FF6ED54F4F5]
	(No symbol) [0x00007FF6ED5F6247]
	(No symbol) [0x00007FF6ED60ECE2]
	(No symbol) [0x00007FF6ED5EF0A3]
	(No symbol) [0x00007FF6ED5BA778]
	(No symbol) [0x00007FF6ED5BB8E1]
	GetHandleVerifier [0x00007FF6EDA9FCAD+3408013]
	GetHandleVerifier [0x00007FF6EDAB741F+3504127]
	GetHandleVerifier [0x00007FF6EDAAB5FD+3455453]
	GetHandleVerifier [0x00007FF6ED82BDBB+835995]
	(No symbol) [0x00007FF6ED6DEB5F]
	(No symbol) [0x00007FF6ED6DA814]
	(No symbol) [0x00007FF6ED6DA9AD]
	(No symbol) [0x00007FF6ED6CA199]
	BaseThreadInitThunk [0x00007FFC46707374+20]
	RtlUserThreadStart [0x00007FFC46E5CC91+33]
</msg>
<msg time="2025-01-20T17:51:53.773176" level="FAIL">NoSuchWindowException: Message: no such window: target window already closed
from unknown error: web view not found
  (Session info: chrome=131.0.6778.205)
Stacktrace:
	GetHandleVerifier [0x00007FF6ED766CB5+28821]
	(No symbol) [0x00007FF6ED6D3840]
	(No symbol) [0x00007FF6ED57578A]
	(No symbol) [0x00007FF6ED54F4F5]
	(No symbol) [0x00007FF6ED5F6247]
	(No symbol) [0x00007FF6ED60ECE2]
	(No symbol) [0x00007FF6ED5EF0A3]
	(No symbol) [0x00007FF6ED5BA778]
	(No symbol) [0x00007FF6ED5BB8E1]
	GetHandleVerifier [0x00007FF6EDA9FCAD+3408013]
	GetHandleVerifier [0x00007FF6EDAB741F+3504127]
	GetHandleVerifier [0x00007FF6EDAAB5FD+3455453]
	GetHandleVerifier [0x00007FF6ED82BDBB+835995]
	(No symbol) [0x00007FF6ED6DEB5F]
	(No symbol) [0x00007FF6ED6DA814]
	(No symbol) [0x00007FF6ED6DA9AD]
	(No symbol) [0x00007FF6ED6CA199]
	BaseThreadInitThunk [0x00007FFC46707374+20]
	RtlUserThreadStart [0x00007FFC46E5CC91+33]
</msg>
<arg>${addbutton}</arg>
<arg>timeout=10</arg>
<doc>Waits until the element ``locator`` is visible.</doc>
<status status="FAIL" start="2025-01-20T17:51:53.767258" elapsed="0.017395">NoSuchWindowException: Message: no such window: target window already closed
from unknown error: web view not found
  (Session info: chrome=131.0.6778.205)
Stacktrace:
	GetHandleVerifier [0x00007FF6ED766CB5+28821]
	(No symbol) [0x00007FF6ED6D3840]
	(No symbol) [0x00007FF6ED57578A]
	(No symbol) [0x00007FF6ED54F4F5]
	(No symbol) [0x00007FF6ED5F6247]
	(No symbol) [0x00007FF6ED60ECE2]
	(No symbol) [0x00007FF6ED5EF0A3]
	(No symbol) [0x00007FF6ED5BA778]
	(No symbol) [0x00007FF6ED5BB8E1]
	GetHandleVerifier [0x00007FF6EDA9FCAD+3408013]
	GetHandleVerifier [0x00007FF6EDAB741F+3504127]
	GetHandleVerifier [0x00007FF6EDAAB5FD+3455453]
	GetHandleVerifier [0x00007FF6ED82BDBB+835995]
	(No symbol) [0x00007FF6ED6DEB5F]
	(No symbol) [0x00007FF6ED6DA814]
	(No symbol) [0x00007FF6ED6DA9AD]
	(No symbol) [0x00007FF6ED6CA199]
	BaseThreadInitThunk [0x00007FFC46707374+20]
	RtlUserThreadStart [0x00007FFC46E5CC91+33]
</status>
</kw>
<kw name="Click Button" owner="SeleniumLibrary">
<arg>${addbutton}</arg>
<doc>Clicks the button identified by ``locator``.</doc>
<status status="NOT RUN" start="2025-01-20T17:51:53.784653" elapsed="0.000000"/>
</kw>
<status status="FAIL" start="2025-01-20T17:51:53.766253" elapsed="0.019399">NoSuchWindowException: Message: no such window: target window already closed
from unknown error: web view not found
  (Session info: chrome=131.0.6778.205)
Stacktrace:
	GetHandleVerifier [0x00007FF6ED766CB5+28821]
	(No symbol) [0x00007FF6ED6D3840]
	(No symbol) [0x00007FF6ED57578A]
	(No symbol) [0x00007FF6ED54F4F5]
	(No symbol) [0x00007FF6ED5F6247]
	(No symbol) [0x00007FF6ED60ECE2]
	(No symbol) [0x00007FF6ED5EF0A3]
	(No symbol) [0x00007FF6ED5BA778]
	(No symbol) [0x00007FF6ED5BB8E1]
	GetHandleVerifier [0x00007FF6EDA9FCAD+3408013]
	GetHandleVerifier [0x00007FF6EDAB741F+3504127]
	GetHandleVerifier [0x00007FF6EDAAB5FD+3455453]
	GetHandleVerifier [0x00007FF6ED82BDBB+835995]
	(No symbol) [0x00007FF6ED6DEB5F]
	(No symbol) [0x00007FF6ED6DA814]
	(No symbol) [0x00007FF6ED6DA9AD]
	(No symbol) [0x00007FF6ED6CA199]
	BaseThreadInitThunk [0x00007FFC46707374+20]
	RtlUserThreadStart [0x00007FFC46E5CC91+33]
</status>
</kw>
<kw name="Enter First Name" owner="Loginkeywords">
<arg>Rushi</arg>
<status status="NOT RUN" start="2025-01-20T17:51:53.785652" elapsed="0.000000"/>
</kw>
<kw name="Enter Last Name" owner="Loginkeywords">
<arg>Padela</arg>
<status status="NOT RUN" start="2025-01-20T17:51:53.785652" elapsed="0.000000"/>
</kw>
<kw name="Enter Email ID" owner="Loginkeywords">
<arg>albertpadela@yopmail.com</arg>
<status status="NOT RUN" start="2025-01-20T17:51:53.785652" elapsed="0.000000"/>
</kw>
<kw name="Enter Mobile No" owner="Loginkeywords">
<arg>9999999999</arg>
<status status="NOT RUN" start="2025-01-20T17:51:53.786653" elapsed="0.000000"/>
</kw>
<kw name="Enter ID Number" owner="Loginkeywords">
<arg>220202</arg>
<status status="NOT RUN" start="2025-01-20T17:51:53.786653" elapsed="0.000000"/>
</kw>
<kw name="Click Checkbox" owner="Loginkeywords">
<status status="NOT RUN" start="2025-01-20T17:51:53.786653" elapsed="0.000000"/>
</kw>
<kw name="Save Applicant Page" owner="Loginkeywords">
<status status="NOT RUN" start="2025-01-20T17:51:53.786653" elapsed="0.000000"/>
</kw>
<status status="FAIL" start="2025-01-20T17:51:27.861328" elapsed="25.925325">NoSuchWindowException: Message: no such window: target window already closed
from unknown error: web view not found
  (Session info: chrome=131.0.6778.205)
Stacktrace:
	GetHandleVerifier [0x00007FF6ED766CB5+28821]
	(No symbol) [0x00007FF6ED6D3840]
	(No symbol) [0x00007FF6ED57578A]
	(No symbol) [0x00007FF6ED54F4F5]
	(No symbol) [0x00007FF6ED5F6247]
	(No symbol) [0x00007FF6ED60ECE2]
	(No symbol) [0x00007FF6ED5EF0A3]
	(No symbol) [0x00007FF6ED5BA778]
	(No symbol) [0x00007FF6ED5BB8E1]
	GetHandleVerifier [0x00007FF6EDA9FCAD+3408013]
	GetHandleVerifier [0x00007FF6EDAB741F+3504127]
	GetHandleVerifier [0x00007FF6EDAAB5FD+3455453]
	GetHandleVerifier [0x00007FF6ED82BDBB+835995]
	(No symbol) [0x00007FF6ED6DEB5F]
	(No symbol) [0x00007FF6ED6DA814]
	(No symbol) [0x00007FF6ED6DA9AD]
	(No symbol) [0x00007FF6ED6CA199]
	BaseThreadInitThunk [0x00007FFC46707374+20]
	RtlUserThreadStart [0x00007FFC46E5CC91+33]
</status>
</test>
<status status="FAIL" start="2025-01-20T17:51:27.845886" elapsed="25.942769"/>
</suite>
<suite id="s1-s5" name="Ddtdemo" source="C:\Prashant\Smart360robot\Smart360\TestCases\ddtdemo.robot">
<test id="s1-s5-t1" name="Data Driven Login Test" line="9">
<kw name="Read Csv" owner="csv_reader">
<msg time="2025-01-20T17:51:53.804307" level="INFO">${data} = [{'username': 'arvind@yopmail.com', 'password': 'Iskra2123'}]</msg>
<var>${data}</var>
<arg>${TEST_DATA}</arg>
<doc>Reads a CSV file and returns a list of dictionaries.</doc>
<status status="PASS" start="2025-01-20T17:51:53.802857" elapsed="0.001450"/>
</kw>
<for flavor="IN">
<iter>
<kw name="Log" owner="BuiltIn">
<msg time="2025-01-20T17:51:53.808415" level="INFO">Testing with username: arvind@yopmail.com and password: Iskra2123</msg>
<arg>Testing with username: ${row['username']} and password: ${row['password']}</arg>
<doc>Logs the given message with the given level.</doc>
<status status="PASS" start="2025-01-20T17:51:53.806401" elapsed="0.002014"/>
</kw>
<kw name="Login And Verify">
<kw name="Open My Browser" owner="Loginkeywords">
<kw name="Open Browser" owner="SeleniumLibrary">
<msg time="2025-01-20T17:51:53.810420" level="WARN">exexcutable_path is being deprecated. Please use service to configure the driver's executable_path as per documentation.</msg>
<msg time="2025-01-20T17:51:53.810420" level="INFO">Opening browser 'chrome' to base url 'https://platform-staging.bynry.com/sign-in'.</msg>
<arg>${URL}</arg>
<arg>${BROWSER}</arg>
<arg>executable_path=${EXECUTABLE_PATH}</arg>
<doc>Opens a new browser instance to the optional ``url``.</doc>
<status status="PASS" start="2025-01-20T17:51:53.810420" elapsed="4.934750"/>
</kw>
<kw name="Maximize Browser Window" owner="SeleniumLibrary">
<doc>Maximizes current browser window.</doc>
<status status="PASS" start="2025-01-20T17:51:58.745170" elapsed="0.107250"/>
</kw>
<arg>${URL}</arg>
<arg>${BROWSER}</arg>
<arg>${EXECUTABLE_PATH}</arg>
<status status="PASS" start="2025-01-20T17:51:53.809415" elapsed="5.044008"/>
</kw>
<kw name="Enter Username" owner="Loginkeywords">
<kw name="Input Text" owner="SeleniumLibrary">
<msg time="2025-01-20T17:51:58.855377" level="INFO">Typing text 'arvind@yopmail.com' into text field 'xpath://input[@id="email"]'.</msg>
<arg>${Enter_useremail}</arg>
<arg>${username}</arg>
<doc>Types the given ``text`` into the text field identified by ``locator``.</doc>
<status status="PASS" start="2025-01-20T17:51:58.854355" elapsed="0.239906"/>
</kw>
<arg>${username}</arg>
<status status="PASS" start="2025-01-20T17:51:58.853851" elapsed="0.240410"/>
</kw>
<kw name="Enter Password" owner="Loginkeywords">
<kw name="Input Text" owner="SeleniumLibrary">
<msg time="2025-01-20T17:51:59.095275" level="INFO">Typing text 'Iskra2123' into text field 'xpath://input[@id="password"]'.</msg>
<arg>${Enter_userpassword}</arg>
<arg>${password}</arg>
<doc>Types the given ``text`` into the text field identified by ``locator``.</doc>
<status status="PASS" start="2025-01-20T17:51:59.095275" elapsed="0.142828"/>
</kw>
<arg>${password}</arg>
<status status="PASS" start="2025-01-20T17:51:59.094261" elapsed="0.143842"/>
</kw>
<kw name="Click Sign In" owner="Loginkeywords">
<kw name="Wait Until Element Is Visible" owner="SeleniumLibrary">
<arg>${Sign_in}</arg>
<arg>timeout=10</arg>
<doc>Waits until the element ``locator`` is visible.</doc>
<status status="PASS" start="2025-01-20T17:51:59.239122" elapsed="0.043946"/>
</kw>
<kw name="Click Button" owner="SeleniumLibrary">
<msg time="2025-01-20T17:51:59.283572" level="INFO">Clicking button 'xpath://button[contains(@class, "addButton !w-full")]'.</msg>
<arg>${Sign_in}</arg>
<doc>Clicks the button identified by ``locator``.</doc>
<status status="PASS" start="2025-01-20T17:51:59.283068" elapsed="0.151138"/>
</kw>
<status status="PASS" start="2025-01-20T17:51:59.238103" elapsed="0.196103"/>
</kw>
<kw name="Verify Successful Login Page" owner="Loginkeywords">
<kw name="Wait Until Page Contains" owner="SeleniumLibrary">
<arg>Welcome to Smart360</arg>
<doc>Waits until ``text`` appears on the current page.</doc>
<status status="PASS" start="2025-01-20T17:51:59.435259" elapsed="0.023268"/>
</kw>
<status status="PASS" start="2025-01-20T17:51:59.434206" elapsed="0.025357"/>
</kw>
<kw name="Close My Browser" owner="Loginkeywords">
<kw name="Close Browser" owner="SeleniumLibrary">
<doc>Closes the current browser.</doc>
<status status="PASS" start="2025-01-20T17:51:59.459563" elapsed="2.189421"/>
</kw>
<status status="PASS" start="2025-01-20T17:51:59.459563" elapsed="2.189421"/>
</kw>
<arg>${row['username']}</arg>
<arg>${row['password']}</arg>
<status status="PASS" start="2025-01-20T17:51:53.808415" elapsed="7.841066"/>
</kw>
<var name="${row}">{'username': 'arvind@yopmail.com', 'password': 'Iskra2123'}</var>
<status status="PASS" start="2025-01-20T17:51:53.805904" elapsed="7.843577"/>
</iter>
<var>${row}</var>
<value>@{data}</value>
<status status="PASS" start="2025-01-20T17:51:53.805904" elapsed="7.843999"/>
</for>
<doc>Test login functionality using data from CSV.</doc>
<status status="PASS" start="2025-01-20T17:51:53.802857" elapsed="7.847046"/>
</test>
<status status="PASS" start="2025-01-20T17:51:53.790294" elapsed="7.862144"/>
</suite>
<status status="FAIL" start="2025-01-20T17:50:48.937814" elapsed="72.717732"/>
</suite>
<statistics>
<total>
<stat pass="2" fail="3" skip="0">All Tests</stat>
</total>
<tag>
<stat pass="0" fail="1" skip="0">Regression</stat>
<stat pass="1" fail="0" skip="0">Smoke</stat>
</tag>
<suite>
<stat name="TestCases" id="s1" pass="2" fail="3" skip="0">TestCases</stat>
<stat name="01 Test Logintest" id="s1-s1" pass="1" fail="0" skip="0">TestCases.01 Test Logintest</stat>
<stat name="02 Test Addpaymenttypetest" id="s1-s2" pass="0" fail="1" skip="0">TestCases.02 Test Addpaymenttypetest</stat>
<stat name="03 Test Addpaymentsubtypetest" id="s1-s3" pass="0" fail="1" skip="0">TestCases.03 Test Addpaymentsubtypetest</stat>
<stat name="04 Test Addconsumertest" id="s1-s4" pass="0" fail="1" skip="0">TestCases.04 Test Addconsumertest</stat>
<stat name="Ddtdemo" id="s1-s5" pass="1" fail="0" skip="0">TestCases.Ddtdemo</stat>
</suite>
</statistics>
<errors>
<msg time="2025-01-20T17:50:49.125774" level="WARN">exexcutable_path is being deprecated. Please use service to configure the driver's executable_path as per documentation.</msg>
<msg time="2025-01-20T17:50:55.472885" level="WARN">exexcutable_path is being deprecated. Please use service to configure the driver's executable_path as per documentation.</msg>
<msg time="2025-01-20T17:51:11.988350" level="WARN">exexcutable_path is being deprecated. Please use service to configure the driver's executable_path as per documentation.</msg>
<msg time="2025-01-20T17:51:27.863343" level="WARN">exexcutable_path is being deprecated. Please use service to configure the driver's executable_path as per documentation.</msg>
<msg time="2025-01-20T17:51:53.772135" level="WARN">Keyword 'Capture Page Screenshot' could not be run on failure: Message: no such window: target window already closed
from unknown error: web view not found
  (Session info: chrome=131.0.6778.205)
Stacktrace:
	GetHandleVerifier [0x00007FF6ED766CB5+28821]
	(No symbol) [0x00007FF6ED6D3840]
	(No symbol) [0x00007FF6ED57578A]
	(No symbol) [0x00007FF6ED54F4F5]
	(No symbol) [0x00007FF6ED5F6247]
	(No symbol) [0x00007FF6ED60ECE2]
	(No symbol) [0x00007FF6ED5EF0A3]
	(No symbol) [0x00007FF6ED5BA778]
	(No symbol) [0x00007FF6ED5BB8E1]
	GetHandleVerifier [0x00007FF6EDA9FCAD+3408013]
	GetHandleVerifier [0x00007FF6EDAB741F+3504127]
	GetHandleVerifier [0x00007FF6EDAAB5FD+3455453]
	GetHandleVerifier [0x00007FF6ED82BDBB+835995]
	(No symbol) [0x00007FF6ED6DEB5F]
	(No symbol) [0x00007FF6ED6DA814]
	(No symbol) [0x00007FF6ED6DA9AD]
	(No symbol) [0x00007FF6ED6CA199]
	BaseThreadInitThunk [0x00007FFC46707374+20]
	RtlUserThreadStart [0x00007FFC46E5CC91+33]
</msg>
<msg time="2025-01-20T17:51:53.810420" level="WARN">exexcutable_path is being deprecated. Please use service to configure the driver's executable_path as per documentation.</msg>
</errors>
</robot>
