<?xml version="1.0" encoding="UTF-8"?>
<robot generator="Robot 7.2 (Python 3.11.0 on win32)" generated="2025-01-20T17:52:16.379051" rpa="false" schemaversion="5">
<suite id="s1" name="TestCases" source="C:\Prashant\Smart360robot\Smart360\TestCases">
<suite id="s1-s1" name="02 Test Addpaymenttypetest" source="C:\Prashant\Smart360robot\Smart360\TestCases\02_test_addpaymenttypetest.robot">
<test id="s1-s1-t1" name="Add Payment Type" line="8">
<kw name="Open My Browser" owner="Loginkeywords">
<kw name="Open Browser" owner="SeleniumLibrary">
<msg time="2025-01-20T17:52:16.573846" level="WARN">exexcutable_path is being deprecated. Please use service to configure the driver's executable_path as per documentation.</msg>
<msg time="2025-01-20T17:52:16.573846" level="INFO">Opening browser 'chrome' to base url 'https://platform-staging.bynry.com/'.</msg>
<arg>${URL}</arg>
<arg>${BROWSER}</arg>
<arg>executable_path=${EXECUTABLE_PATH}</arg>
<doc>Opens a new browser instance to the optional ``url``.</doc>
<status status="PASS" start="2025-01-20T17:52:16.572851" elapsed="14.924432"/>
</kw>
<kw name="Maximize Browser Window" owner="SeleniumLibrary">
<msg time="2025-01-20T17:52:31.523553" level="WARN">Keyword 'Capture Page Screenshot' could not be run on failure: Message: no such window: target window already closed
from unknown error: web view not found
  (Session info: chrome=131.0.6778.205)
Stacktrace:
	GetHandleVerifier [0x00007FF6ED766CB5+28821]
	(No symbol) [0x00007FF6ED6D3840]
	(No symbol) [0x00007FF6ED57578A]
	(No symbol) [0x00007FF6ED54F4F5]
	(No symbol) [0x00007FF6ED5F6247]
	(No symbol) [0x00007FF6ED60ECE2]
	(No symbol) [0x00007FF6ED5EF0A3]
	(No symbol) [0x00007FF6ED5BA778]
	(No symbol) [0x00007FF6ED5BB8E1]
	GetHandleVerifier [0x00007FF6EDA9FCAD+3408013]
	GetHandleVerifier [0x00007FF6EDAB741F+3504127]
	GetHandleVerifier [0x00007FF6EDAAB5FD+3455453]
	GetHandleVerifier [0x00007FF6ED82BDBB+835995]
	(No symbol) [0x00007FF6ED6DEB5F]
	(No symbol) [0x00007FF6ED6DA814]
	(No symbol) [0x00007FF6ED6DA9AD]
	(No symbol) [0x00007FF6ED6CA199]
	BaseThreadInitThunk [0x00007FFC46707374+20]
	RtlUserThreadStart [0x00007FFC46E5CC91+33]
</msg>
<msg time="2025-01-20T17:52:31.529484" level="FAIL">NoSuchWindowException: Message: no such window: target window already closed
from unknown error: web view not found
  (Session info: chrome=131.0.6778.205)
Stacktrace:
	GetHandleVerifier [0x00007FF6ED766CB5+28821]
	(No symbol) [0x00007FF6ED6D3840]
	(No symbol) [0x00007FF6ED57578A]
	(No symbol) [0x00007FF6ED54F4F5]
	(No symbol) [0x00007FF6ED5F6247]
	(No symbol) [0x00007FF6ED60ECE2]
	(No symbol) [0x00007FF6ED5EF0A3]
	(No symbol) [0x00007FF6ED5BA778]
	(No symbol) [0x00007FF6ED5BB8E1]
	GetHandleVerifier [0x00007FF6EDA9FCAD+3408013]
	GetHandleVerifier [0x00007FF6EDAB741F+3504127]
	GetHandleVerifier [0x00007FF6EDAAB5FD+3455453]
	GetHandleVerifier [0x00007FF6ED82BDBB+835995]
	(No symbol) [0x00007FF6ED6DEB5F]
	(No symbol) [0x00007FF6ED6DA814]
	(No symbol) [0x00007FF6ED6DA9AD]
	(No symbol) [0x00007FF6ED6CA199]
	BaseThreadInitThunk [0x00007FFC46707374+20]
	RtlUserThreadStart [0x00007FFC46E5CC91+33]
</msg>
<doc>Maximizes current browser window.</doc>
<status status="FAIL" start="2025-01-20T17:52:31.497594" elapsed="0.040442">NoSuchWindowException: Message: no such window: target window already closed
from unknown error: web view not found
  (Session info: chrome=131.0.6778.205)
Stacktrace:
	GetHandleVerifier [0x00007FF6ED766CB5+28821]
	(No symbol) [0x00007FF6ED6D3840]
	(No symbol) [0x00007FF6ED57578A]
	(No symbol) [0x00007FF6ED54F4F5]
	(No symbol) [0x00007FF6ED5F6247]
	(No symbol) [0x00007FF6ED60ECE2]
	(No symbol) [0x00007FF6ED5EF0A3]
	(No symbol) [0x00007FF6ED5BA778]
	(No symbol) [0x00007FF6ED5BB8E1]
	GetHandleVerifier [0x00007FF6EDA9FCAD+3408013]
	GetHandleVerifier [0x00007FF6EDAB741F+3504127]
	GetHandleVerifier [0x00007FF6EDAAB5FD+3455453]
	GetHandleVerifier [0x00007FF6ED82BDBB+835995]
	(No symbol) [0x00007FF6ED6DEB5F]
	(No symbol) [0x00007FF6ED6DA814]
	(No symbol) [0x00007FF6ED6DA9AD]
	(No symbol) [0x00007FF6ED6CA199]
	BaseThreadInitThunk [0x00007FFC46707374+20]
	RtlUserThreadStart [0x00007FFC46E5CC91+33]
</status>
</kw>
<arg>${URL}</arg>
<arg>${BROWSER}</arg>
<arg>${EXECUTABLE_PATH}</arg>
<status status="FAIL" start="2025-01-20T17:52:16.571849" elapsed="14.966187">NoSuchWindowException: Message: no such window: target window already closed
from unknown error: web view not found
  (Session info: chrome=131.0.6778.205)
Stacktrace:
	GetHandleVerifier [0x00007FF6ED766CB5+28821]
	(No symbol) [0x00007FF6ED6D3840]
	(No symbol) [0x00007FF6ED57578A]
	(No symbol) [0x00007FF6ED54F4F5]
	(No symbol) [0x00007FF6ED5F6247]
	(No symbol) [0x00007FF6ED60ECE2]
	(No symbol) [0x00007FF6ED5EF0A3]
	(No symbol) [0x00007FF6ED5BA778]
	(No symbol) [0x00007FF6ED5BB8E1]
	GetHandleVerifier [0x00007FF6EDA9FCAD+3408013]
	GetHandleVerifier [0x00007FF6EDAB741F+3504127]
	GetHandleVerifier [0x00007FF6EDAAB5FD+3455453]
	GetHandleVerifier [0x00007FF6ED82BDBB+835995]
	(No symbol) [0x00007FF6ED6DEB5F]
	(No symbol) [0x00007FF6ED6DA814]
	(No symbol) [0x00007FF6ED6DA9AD]
	(No symbol) [0x00007FF6ED6CA199]
	BaseThreadInitThunk [0x00007FFC46707374+20]
	RtlUserThreadStart [0x00007FFC46E5CC91+33]
</status>
</kw>
<kw name="Enter Username" owner="Loginkeywords">
<arg>${USERNAME}</arg>
<status status="NOT RUN" start="2025-01-20T17:52:31.539836" elapsed="0.000000"/>
</kw>
<kw name="Enter Password" owner="Loginkeywords">
<arg>${PASSWORD}</arg>
<status status="NOT RUN" start="2025-01-20T17:52:31.540385" elapsed="0.000000"/>
</kw>
<kw name="Click Sign In" owner="Loginkeywords">
<status status="NOT RUN" start="2025-01-20T17:52:31.540886" elapsed="0.000000"/>
</kw>
<kw name="Sleep" owner="BuiltIn">
<arg>10</arg>
<doc>Pauses the test executed for the given time.</doc>
<status status="NOT RUN" start="2025-01-20T17:52:31.541130" elapsed="0.000000"/>
</kw>
<kw name="Go To" owner="SeleniumLibrary">
<arg>${addpaytypeURL}</arg>
<doc>Navigates the current browser window to the provided ``url``.</doc>
<status status="NOT RUN" start="2025-01-20T17:52:31.541632" elapsed="0.000000"/>
</kw>
<kw name="Click Add type button" owner="Loginkeywords">
<status status="NOT RUN" start="2025-01-20T17:52:31.541632" elapsed="0.000753"/>
</kw>
<kw name="Add PaymentType" owner="Loginkeywords">
<arg>fees</arg>
<status status="NOT RUN" start="2025-01-20T17:52:31.542385" elapsed="0.000502"/>
</kw>
<kw name="Click Submit" owner="Loginkeywords">
<status status="NOT RUN" start="2025-01-20T17:52:31.543393" elapsed="0.000000"/>
</kw>
<tag>Regression</tag>
<status status="FAIL" start="2025-01-20T17:52:16.570945" elapsed="14.972939">NoSuchWindowException: Message: no such window: target window already closed
from unknown error: web view not found
  (Session info: chrome=131.0.6778.205)
Stacktrace:
	GetHandleVerifier [0x00007FF6ED766CB5+28821]
	(No symbol) [0x00007FF6ED6D3840]
	(No symbol) [0x00007FF6ED57578A]
	(No symbol) [0x00007FF6ED54F4F5]
	(No symbol) [0x00007FF6ED5F6247]
	(No symbol) [0x00007FF6ED60ECE2]
	(No symbol) [0x00007FF6ED5EF0A3]
	(No symbol) [0x00007FF6ED5BA778]
	(No symbol) [0x00007FF6ED5BB8E1]
	GetHandleVerifier [0x00007FF6EDA9FCAD+3408013]
	GetHandleVerifier [0x00007FF6EDAB741F+3504127]
	GetHandleVerifier [0x00007FF6EDAAB5FD+3455453]
	GetHandleVerifier [0x00007FF6ED82BDBB+835995]
	(No symbol) [0x00007FF6ED6DEB5F]
	(No symbol) [0x00007FF6ED6DA814]
	(No symbol) [0x00007FF6ED6DA9AD]
	(No symbol) [0x00007FF6ED6CA199]
	BaseThreadInitThunk [0x00007FFC46707374+20]
	RtlUserThreadStart [0x00007FFC46E5CC91+33]
</status>
</test>
<status status="FAIL" start="2025-01-20T17:52:16.401526" elapsed="15.146326"/>
</suite>
<status status="FAIL" start="2025-01-20T17:52:16.379964" elapsed="15.169498"/>
</suite>
<statistics>
<total>
<stat pass="0" fail="1" skip="0">All Tests</stat>
</total>
<tag>
<stat pass="0" fail="1" skip="0">Regression</stat>
</tag>
<suite>
<stat name="TestCases" id="s1" pass="0" fail="1" skip="0">TestCases</stat>
<stat name="02 Test Addpaymenttypetest" id="s1-s1" pass="0" fail="1" skip="0">TestCases.02 Test Addpaymenttypetest</stat>
</suite>
</statistics>
<errors>
<msg time="2025-01-20T17:52:16.573846" level="WARN">exexcutable_path is being deprecated. Please use service to configure the driver's executable_path as per documentation.</msg>
<msg time="2025-01-20T17:52:31.523553" level="WARN">Keyword 'Capture Page Screenshot' could not be run on failure: Message: no such window: target window already closed
from unknown error: web view not found
  (Session info: chrome=131.0.6778.205)
Stacktrace:
	GetHandleVerifier [0x00007FF6ED766CB5+28821]
	(No symbol) [0x00007FF6ED6D3840]
	(No symbol) [0x00007FF6ED57578A]
	(No symbol) [0x00007FF6ED54F4F5]
	(No symbol) [0x00007FF6ED5F6247]
	(No symbol) [0x00007FF6ED60ECE2]
	(No symbol) [0x00007FF6ED5EF0A3]
	(No symbol) [0x00007FF6ED5BA778]
	(No symbol) [0x00007FF6ED5BB8E1]
	GetHandleVerifier [0x00007FF6EDA9FCAD+3408013]
	GetHandleVerifier [0x00007FF6EDAB741F+3504127]
	GetHandleVerifier [0x00007FF6EDAAB5FD+3455453]
	GetHandleVerifier [0x00007FF6ED82BDBB+835995]
	(No symbol) [0x00007FF6ED6DEB5F]
	(No symbol) [0x00007FF6ED6DA814]
	(No symbol) [0x00007FF6ED6DA9AD]
	(No symbol) [0x00007FF6ED6CA199]
	BaseThreadInitThunk [0x00007FFC46707374+20]
	RtlUserThreadStart [0x00007FFC46E5CC91+33]
</msg>
</errors>
</robot>
